17:01:27.725 INFO  manager.ApplicationManager - All tests run in Chrome
17:01:28.849 INFO  manager.ApplicationManager - The link--->https://ilcarro.web.app/search
17:01:28.867 INFO  manager.ListenerWD - Before find element By.xpath: //*[text()=' Logout ']
17:01:38.903 INFO  manager.ListenerWD - Element found success By.xpath: //*[text()=' Logout ']
17:01:38.906 INFO  manager.ListenerWD - Before find element By.xpath: //a[text()=' Log in ']
17:01:38.934 INFO  manager.ListenerWD - Element found success By.xpath: //a[text()=' Log in ']
17:01:38.945 INFO  manager.ListenerWD - start method click [[ChromeDriver: chrome on WINDOWS (2eb126def8f394c9668b6def36cb50db)] -> xpath: //a[text()=' Log in ']]
17:01:39.028 INFO  manager.ListenerWD - done method click on: [[ChromeDriver: chrome on WINDOWS (2eb126def8f394c9668b6def36cb50db)] -> xpath: //a[text()=' Log in ']]
17:01:39.028 INFO  manager.ListenerWD - Before find element By.xpath: //*[@id='email']
17:01:39.054 INFO  manager.ListenerWD - Element found success By.xpath: //*[@id='email']
17:01:39.054 INFO  manager.ListenerWD - start method click [[ChromeDriver: chrome on WINDOWS (2eb126def8f394c9668b6def36cb50db)] -> xpath: //*[@id='email']]
17:01:39.103 INFO  manager.ListenerWD - done method click on: [[ChromeDriver: chrome on WINDOWS (2eb126def8f394c9668b6def36cb50db)] -> xpath: //*[@id='email']]
17:01:39.341 INFO  manager.ListenerWD - Before find element By.xpath: //*[@id='password']
17:01:39.358 INFO  manager.ListenerWD - Element found success By.xpath: //*[@id='password']
17:01:39.358 INFO  manager.ListenerWD - start method click [[ChromeDriver: chrome on WINDOWS (2eb126def8f394c9668b6def36cb50db)] -> xpath: //*[@id='password']]
17:01:39.398 INFO  manager.ListenerWD - done method click on: [[ChromeDriver: chrome on WINDOWS (2eb126def8f394c9668b6def36cb50db)] -> xpath: //*[@id='password']]
17:01:39.558 INFO  manager.ListenerWD - Before find element By.xpath: //*[@type='submit']
17:01:39.583 INFO  manager.ListenerWD - Element found success By.xpath: //*[@type='submit']
17:01:39.583 INFO  manager.ListenerWD - start method click [[ChromeDriver: chrome on WINDOWS (2eb126def8f394c9668b6def36cb50db)] -> xpath: //*[@type='submit']]
17:01:39.621 INFO  manager.ListenerWD - done method click on: [[ChromeDriver: chrome on WINDOWS (2eb126def8f394c9668b6def36cb50db)] -> xpath: //*[@type='submit']]
17:01:39.621 INFO  manager.ListenerWD - Before find element By.xpath: //button[text()='Ok']
17:01:40.606 INFO  manager.ListenerWD - Element found success By.xpath: //button[text()='Ok']
17:01:40.606 INFO  manager.ListenerWD - Before find element By.xpath: //button[text()='Ok']
17:01:40.625 INFO  manager.ListenerWD - Element found success By.xpath: //button[text()='Ok']
17:01:40.625 INFO  manager.ListenerWD - start method click [[ChromeDriver: chrome on WINDOWS (2eb126def8f394c9668b6def36cb50db)] -> xpath: //button[text()='Ok']]
17:01:40.654 INFO  manager.ListenerWD - done method click on: [[ChromeDriver: chrome on WINDOWS (2eb126def8f394c9668b6def36cb50db)] -> xpath: //button[text()='Ok']]
17:01:40.662 INFO  tests.TestBase - test add new car wrong manufacture (empty) started
17:01:40.664 INFO  tests.TestBase - test data: location-'', manufacture-'Kia', model-'Sportage', year-'2020', fuel-'Gas',seats-'5', car class-'C', car number-'432-232 +i',price-'50'
17:01:41.171 INFO  manager.ListenerWD - Before find element By.xpath: //a[text()=' Let the car work ']
17:01:41.200 INFO  manager.ListenerWD - Element found success By.xpath: //a[text()=' Let the car work ']
17:01:41.201 INFO  manager.ListenerWD - start method click [[ChromeDriver: chrome on WINDOWS (2eb126def8f394c9668b6def36cb50db)] -> xpath: //a[text()=' Let the car work ']]
17:01:41.289 INFO  manager.ListenerWD - done method click on: [[ChromeDriver: chrome on WINDOWS (2eb126def8f394c9668b6def36cb50db)] -> xpath: //a[text()=' Let the car work ']]
17:01:41.289 INFO  manager.ListenerWD - Before find element By.id: pickUpPlace
17:01:41.320 INFO  manager.ListenerWD - Element found success By.id: pickUpPlace
17:01:41.320 INFO  manager.ListenerWD - start method click [[ChromeDriver: chrome on WINDOWS (2eb126def8f394c9668b6def36cb50db)] -> id: pickUpPlace]
17:01:41.352 INFO  manager.ListenerWD - done method click on: [[ChromeDriver: chrome on WINDOWS (2eb126def8f394c9668b6def36cb50db)] -> id: pickUpPlace]
17:01:41.516 INFO  manager.ListenerWD - Before find element By.cssSelector: div.pac-item
17:01:41.859 INFO  manager.ListenerWD - Element found success By.cssSelector: div.pac-item
17:01:41.859 INFO  manager.ListenerWD - start method click [[ChromeDriver: chrome on WINDOWS (2eb126def8f394c9668b6def36cb50db)] -> css selector: div.pac-item]
17:01:41.914 INFO  manager.ListenerWD - done method click on: [[ChromeDriver: chrome on WINDOWS (2eb126def8f394c9668b6def36cb50db)] -> css selector: div.pac-item]
17:01:41.914 INFO  manager.ListenerWD - Before find element By.id: make
17:01:41.940 INFO  manager.ListenerWD - Element found success By.id: make
17:01:41.940 INFO  manager.ListenerWD - start method click [[ChromeDriver: chrome on WINDOWS (2eb126def8f394c9668b6def36cb50db)] -> id: make]
17:01:41.990 INFO  manager.ListenerWD - done method click on: [[ChromeDriver: chrome on WINDOWS (2eb126def8f394c9668b6def36cb50db)] -> id: make]
17:01:42.133 INFO  manager.ListenerWD - Before find element By.id: model
17:01:42.155 INFO  manager.ListenerWD - Element found success By.id: model
17:01:42.155 INFO  manager.ListenerWD - start method click [[ChromeDriver: chrome on WINDOWS (2eb126def8f394c9668b6def36cb50db)] -> id: model]
17:01:42.195 INFO  manager.ListenerWD - done method click on: [[ChromeDriver: chrome on WINDOWS (2eb126def8f394c9668b6def36cb50db)] -> id: model]
17:01:42.327 INFO  manager.ListenerWD - Before find element By.id: year
17:01:42.354 INFO  manager.ListenerWD - Element found success By.id: year
17:01:42.354 INFO  manager.ListenerWD - start method click [[ChromeDriver: chrome on WINDOWS (2eb126def8f394c9668b6def36cb50db)] -> id: year]
17:01:42.399 INFO  manager.ListenerWD - done method click on: [[ChromeDriver: chrome on WINDOWS (2eb126def8f394c9668b6def36cb50db)] -> id: year]
17:01:42.537 INFO  manager.ListenerWD - Before find element By.id: fuel
17:01:42.557 INFO  manager.ListenerWD - Element found success By.id: fuel
17:01:42.590 INFO  manager.ListenerWD - Before find element By.xpath: .//option[@value = "Gas"]
17:01:42.613 INFO  manager.ListenerWD - Element found success By.xpath: .//option[@value = "Gas"]
17:01:42.623 INFO  manager.ListenerWD - start method click [[[[ChromeDriver: chrome on WINDOWS (2eb126def8f394c9668b6def36cb50db)] -> id: fuel]] -> xpath: .//option[@value = "Gas"]]
17:01:42.654 INFO  manager.ListenerWD - done method click on: [[[[ChromeDriver: chrome on WINDOWS (2eb126def8f394c9668b6def36cb50db)] -> id: fuel]] -> xpath: .//option[@value = "Gas"]]
17:01:42.654 INFO  manager.ListenerWD - Before find element By.id: seats
17:01:42.672 INFO  manager.ListenerWD - Element found success By.id: seats
17:01:42.672 INFO  manager.ListenerWD - start method click [[ChromeDriver: chrome on WINDOWS (2eb126def8f394c9668b6def36cb50db)] -> id: seats]
17:01:42.703 INFO  manager.ListenerWD - done method click on: [[ChromeDriver: chrome on WINDOWS (2eb126def8f394c9668b6def36cb50db)] -> id: seats]
17:01:42.871 INFO  manager.ListenerWD - Before find element By.id: class
17:01:42.887 INFO  manager.ListenerWD - Element found success By.id: class
17:01:42.888 INFO  manager.ListenerWD - start method click [[ChromeDriver: chrome on WINDOWS (2eb126def8f394c9668b6def36cb50db)] -> id: class]
17:01:42.930 INFO  manager.ListenerWD - done method click on: [[ChromeDriver: chrome on WINDOWS (2eb126def8f394c9668b6def36cb50db)] -> id: class]
17:01:43.048 INFO  manager.ListenerWD - Before find element By.id: serialNumber
17:01:43.070 INFO  manager.ListenerWD - Element found success By.id: serialNumber
17:01:43.071 INFO  manager.ListenerWD - start method click [[ChromeDriver: chrome on WINDOWS (2eb126def8f394c9668b6def36cb50db)] -> id: serialNumber]
17:01:43.114 INFO  manager.ListenerWD - done method click on: [[ChromeDriver: chrome on WINDOWS (2eb126def8f394c9668b6def36cb50db)] -> id: serialNumber]
17:01:43.252 INFO  manager.ListenerWD - Before find element By.id: price
17:01:43.278 INFO  manager.ListenerWD - Element found success By.id: price
17:01:43.279 INFO  manager.ListenerWD - start method click [[ChromeDriver: chrome on WINDOWS (2eb126def8f394c9668b6def36cb50db)] -> id: price]
17:01:43.352 INFO  manager.ListenerWD - done method click on: [[ChromeDriver: chrome on WINDOWS (2eb126def8f394c9668b6def36cb50db)] -> id: price]
17:01:43.532 INFO  manager.ListenerWD - Before find element By.id: about
17:01:43.553 INFO  manager.ListenerWD - Element found success By.id: about
17:01:43.553 INFO  manager.ListenerWD - start method click [[ChromeDriver: chrome on WINDOWS (2eb126def8f394c9668b6def36cb50db)] -> id: about]
17:01:43.599 INFO  manager.ListenerWD - done method click on: [[ChromeDriver: chrome on WINDOWS (2eb126def8f394c9668b6def36cb50db)] -> id: about]
17:01:43.685 INFO  manager.ListenerWD - Before find element By.xpath: //*[@type='submit']
17:01:43.712 INFO  manager.ListenerWD - Element found success By.xpath: //*[@type='submit']
17:01:43.712 INFO  manager.ListenerWD - start method click [[ChromeDriver: chrome on WINDOWS (2eb126def8f394c9668b6def36cb50db)] -> xpath: //*[@type='submit']]
17:01:43.746 INFO  manager.ListenerWD - done method click on: [[ChromeDriver: chrome on WINDOWS (2eb126def8f394c9668b6def36cb50db)] -> xpath: //*[@type='submit']]
17:01:43.747 INFO  manager.ListenerWD - Before find element By.xpath: //*[contains(text()),'Make is required'
17:01:43.795 INFO  manager.ListenerWD - Houston we have a problem!
17:01:43.796 INFO  manager.ListenerWD - invalid selector: Unable to locate an element with the xpath expression //*[contains(text()),'Make is required' because of the following error:
SyntaxError: Failed to execute 'evaluate' on 'Document': The string '//*[contains(text()),'Make is required'' is not a valid XPath expression.
  (Session info: chrome=120.0.6099.225)
For documentation on this error, please visit: https://www.seleniumhq.org/exceptions/invalid_selector_exception.html
Build info: version: '3.141.59', revision: 'e82be7d358', time: '2018-11-14T08:17:03'
System info: host: 'VITBER', ip: '192.168.68.105', os.name: 'Windows 11', os.arch: 'amd64', os.version: '10.0', java.version: '1.8.0_333'
Driver info: org.openqa.selenium.chrome.ChromeDriver
Capabilities {acceptInsecureCerts: false, browserName: chrome, browserVersion: 120.0.6099.225, chrome: {chromedriverVersion: 120.0.6099.71 (9729082fe617..., userDataDir: C:\Windows\SystemTemp\scope...}, fedcm:accounts: true, goog:chromeOptions: {debuggerAddress: localhost:52857}, javascriptEnabled: true, networkConnectionEnabled: false, pageLoadStrategy: normal, platform: WINDOWS, platformName: WINDOWS, proxy: Proxy(), setWindowRect: true, strictFileInteractability: false, timeouts: {implicit: 0, pageLoad: 300000, script: 30000}, unhandledPromptBehavior: dismiss and notify, webauthn:extension:credBlob: true, webauthn:extension:largeBlob: true, webauthn:extension:minPinLength: true, webauthn:extension:prf: true, webauthn:virtualAuthenticators: true}
Session ID: 2eb126def8f394c9668b6def36cb50db
*** Element info: {Using=xpath, value=//*[contains(text()),'Make is required'}
17:01:43.796 INFO  manager.ListenerWD - org.openqa.selenium.InvalidSelectorException: invalid selector: Unable to locate an element with the xpath expression //*[contains(text()),'Make is required' because of the following error:
SyntaxError: Failed to execute 'evaluate' on 'Document': The string '//*[contains(text()),'Make is required'' is not a valid XPath expression.
  (Session info: chrome=120.0.6099.225)
For documentation on this error, please visit: https://www.seleniumhq.org/exceptions/invalid_selector_exception.html
Build info: version: '3.141.59', revision: 'e82be7d358', time: '2018-11-14T08:17:03'
System info: host: 'VITBER', ip: '192.168.68.105', os.name: 'Windows 11', os.arch: 'amd64', os.version: '10.0', java.version: '1.8.0_333'
Driver info: org.openqa.selenium.chrome.ChromeDriver
Capabilities {acceptInsecureCerts: false, browserName: chrome, browserVersion: 120.0.6099.225, chrome: {chromedriverVersion: 120.0.6099.71 (9729082fe617..., userDataDir: C:\Windows\SystemTemp\scope...}, fedcm:accounts: true, goog:chromeOptions: {debuggerAddress: localhost:52857}, javascriptEnabled: true, networkConnectionEnabled: false, pageLoadStrategy: normal, platform: WINDOWS, platformName: WINDOWS, proxy: Proxy(), setWindowRect: true, strictFileInteractability: false, timeouts: {implicit: 0, pageLoad: 300000, script: 30000}, unhandledPromptBehavior: dismiss and notify, webauthn:extension:credBlob: true, webauthn:extension:largeBlob: true, webauthn:extension:minPinLength: true, webauthn:extension:prf: true, webauthn:virtualAuthenticators: true}
Session ID: 2eb126def8f394c9668b6def36cb50db
*** Element info: {Using=xpath, value=//*[contains(text()),'Make is required'}
17:01:43.939 INFO  manager.ListenerWD - This is a link to screenshot with error--->src/test/screenshots/screen103.png
17:01:43.942 INFO  manager.ListenerWD - Before find element By.xpath: //button[text()='Search cars']
17:01:54.015 INFO  manager.ListenerWD - Houston we have a problem!
17:01:54.016 INFO  manager.ListenerWD - no such element: Unable to locate element: {"method":"xpath","selector":"//button[text()='Search cars']"}
  (Session info: chrome=120.0.6099.225)
For documentation on this error, please visit: https://www.seleniumhq.org/exceptions/no_such_element.html
Build info: version: '3.141.59', revision: 'e82be7d358', time: '2018-11-14T08:17:03'
System info: host: 'VITBER', ip: '192.168.68.105', os.name: 'Windows 11', os.arch: 'amd64', os.version: '10.0', java.version: '1.8.0_333'
Driver info: org.openqa.selenium.chrome.ChromeDriver
Capabilities {acceptInsecureCerts: false, browserName: chrome, browserVersion: 120.0.6099.225, chrome: {chromedriverVersion: 120.0.6099.71 (9729082fe617..., userDataDir: C:\Windows\SystemTemp\scope...}, fedcm:accounts: true, goog:chromeOptions: {debuggerAddress: localhost:52857}, javascriptEnabled: true, networkConnectionEnabled: false, pageLoadStrategy: normal, platform: WINDOWS, platformName: WINDOWS, proxy: Proxy(), setWindowRect: true, strictFileInteractability: false, timeouts: {implicit: 0, pageLoad: 300000, script: 30000}, unhandledPromptBehavior: dismiss and notify, webauthn:extension:credBlob: true, webauthn:extension:largeBlob: true, webauthn:extension:minPinLength: true, webauthn:extension:prf: true, webauthn:virtualAuthenticators: true}
Session ID: 2eb126def8f394c9668b6def36cb50db
*** Element info: {Using=xpath, value=//button[text()='Search cars']}
17:01:54.017 INFO  manager.ListenerWD - org.openqa.selenium.NoSuchElementException: no such element: Unable to locate element: {"method":"xpath","selector":"//button[text()='Search cars']"}
  (Session info: chrome=120.0.6099.225)
For documentation on this error, please visit: https://www.seleniumhq.org/exceptions/no_such_element.html
Build info: version: '3.141.59', revision: 'e82be7d358', time: '2018-11-14T08:17:03'
System info: host: 'VITBER', ip: '192.168.68.105', os.name: 'Windows 11', os.arch: 'amd64', os.version: '10.0', java.version: '1.8.0_333'
Driver info: org.openqa.selenium.chrome.ChromeDriver
Capabilities {acceptInsecureCerts: false, browserName: chrome, browserVersion: 120.0.6099.225, chrome: {chromedriverVersion: 120.0.6099.71 (9729082fe617..., userDataDir: C:\Windows\SystemTemp\scope...}, fedcm:accounts: true, goog:chromeOptions: {debuggerAddress: localhost:52857}, javascriptEnabled: true, networkConnectionEnabled: false, pageLoadStrategy: normal, platform: WINDOWS, platformName: WINDOWS, proxy: Proxy(), setWindowRect: true, strictFileInteractability: false, timeouts: {implicit: 0, pageLoad: 300000, script: 30000}, unhandledPromptBehavior: dismiss and notify, webauthn:extension:credBlob: true, webauthn:extension:largeBlob: true, webauthn:extension:minPinLength: true, webauthn:extension:prf: true, webauthn:virtualAuthenticators: true}
Session ID: 2eb126def8f394c9668b6def36cb50db
*** Element info: {Using=xpath, value=//button[text()='Search cars']}
17:01:54.209 INFO  manager.ListenerWD - This is a link to screenshot with error--->src/test/screenshots/screen114.png
